2024/11/16 15:05:04 {"callers":["E:/GOGO/Learn/Hertz/hertz_demo/blog_service/main.go: 27 main.init.0"],"level":"info","message":"eddycjy: go-programming-tour-book/blog-service","time":1731740704501062500}
2024/11/16 15:12:47 {"callers":["E:/GOGO/Learn/Hertz/hertz_demo/blog_service/main.go: 27 main.init.0"],"level":"info","message":"eddycjy: go-programming-tour-book/blog-service","time":1731741167841799800}
2024/11/17 10:03:57 {"callers":["E:/GOGO/Learn/Hertz/hertz_demo/blog_service/main.go: 27 main.init.0"],"level":"info","message":"eddycjy: go-programming-tour-book/blog-service","time":1731809037600916900}
2024/11/17 10:05:16 {"callers":["E:/GOGO/Learn/Hertz/hertz_demo/blog_service/main.go: 27 main.init.0"],"level":"info","message":"eddycjy: go-programming-tour-book/blog-service","time":1731809116706910500}
2024/11/17 10:07:15 {"callers":["E:/GOGO/Learn/Hertz/hertz_demo/blog_service/main.go: 27 main.init.0"],"level":"info","message":"eddycjy: go-programming-tour-book/blog-service","time":1731809235082733500}
2024/11/17 10:16:55 {"callers":["E:/GOGO/Learn/Hertz/hertz_demo/blog_service/main.go: 27 main.init.0"],"level":"info","message":"eddycjy: go-programming-tour-book/blog-service","time":1731809815948237600}
2024/11/17 10:31:04 {"callers":["E:/GOGO/Learn/Hertz/hertz_demo/blog_service/main.go: 27 main.init.0"],"level":"info","message":"eddycjy: go-programming-tour-book/blog-service","time":1731810664784671500}
2024/11/17 10:36:51 {"callers":["E:/GOGO/Learn/Hertz/hertz_demo/blog_service/main.go: 27 main.init.0"],"level":"info","message":"eddycjy: go-programming-tour-book/blog-service","time":1731811011417695700}
2024/11/17 10:53:39 {"callers":["E:/GOGO/Learn/Hertz/hertz_demo/blog_service/main.go: 27 main.init.0"],"level":"info","message":"eddycjy: go-programming-tour-book/blog-service","time":1731812019927751800}
2024/11/17 10:55:42 {"callers":["E:/GOGO/Learn/Hertz/hertz_demo/blog_service/main.go: 27 main.init.0"],"level":"error","message":"app.BindAndValid errs: State必须是[0 1]中的一个","time":1731812142909106000}
2024/11/17 10:55:49 {"callers":["E:/GOGO/Learn/Hertz/hertz_demo/blog_service/main.go: 27 main.init.0"],"level":"error","message":"app.BindAndValid errs: State必须是[0 1]中的一个","time":1731812149160530400}
2024/11/17 12:10:16 {"callers":["E:/GOGO/Learn/Hertz/hertz_demo/blog_service/main.go: 27 main.init.0"],"level":"info","message":"eddycjy: go-programming-tour-book/blog-service","time":1731816616546911900}
2024/11/17 12:13:54 {"callers":["E:/GOGO/Learn/Hertz/hertz_demo/blog_service/main.go: 27 main.init.0"],"level":"error","message":"app.BindAndValid errs: ","time":1731816834738277100}
2024/11/17 12:14:29 {"callers":["E:/GOGO/Learn/Hertz/hertz_demo/blog_service/main.go: 27 main.init.0"],"level":"error","message":"app.BindAndValid errs: ","time":1731816869967524600}
2024/11/17 12:15:07 {"callers":["E:/GOGO/Learn/Hertz/hertz_demo/blog_service/main.go: 27 main.init.0"],"level":"error","message":"app.BindAndValid errs: ","time":1731816907164920900}
2024/11/17 12:15:22 {"callers":["E:/GOGO/Learn/Hertz/hertz_demo/blog_service/main.go: 27 main.init.0"],"level":"error","message":"app.BindAndValid errs: ","time":1731816922388893400}
2024/11/17 12:23:45 {"callers":["E:/GOGO/Learn/Hertz/hertz_demo/blog_service/main.go: 27 main.init.0"],"level":"error","message":"app.BindAndValid errs: Name长度必须至少为3个字符","time":1731817425660779400}
2024/11/17 12:38:32 {"callers":["E:/GOGO/Learn/Hertz/hertz_demo/blog_service/main.go: 27 main.init.0"],"level":"error","message":"app.BindAndValid errs: State为必填字段,ModifiedBy为必填字段","time":1731818312481102500}
2024/11/17 13:43:57 {"callers":["E:/GOGO/Learn/Hertz/hertz_demo/blog_service/main.go: 27 main.init.0"],"level":"error","message":"app.BindAndValid errs: State为必填字段,ModifiedBy为必填字段","time":1731822237689572400}
2024/11/17 13:48:36 {"callers":["E:/GOGO/Learn/Hertz/hertz_demo/blog_service/main.go: 27 main.init.0"],"level":"error","message":"app.BindAndValid errs: State为必填字段","time":1731822516969117300}
2024/11/17 13:52:23 {"callers":["E:/GOGO/Learn/Hertz/hertz_demo/blog_service/main.go: 27 main.init.0"],"level":"error","message":"app.BindAndValid errs: State为必填字段","time":1731822743995468400}
2024/11/17 13:52:28 {"callers":["E:/GOGO/Learn/Hertz/hertz_demo/blog_service/main.go: 27 main.init.0"],"level":"error","message":"app.BindAndValid errs: State为必填字段","time":1731822748271929200}
2024/11/17 13:56:00 {"callers":["E:/GOGO/Learn/Hertz/hertz_demo/blog_service/main.go: 27 main.init.0"],"level":"error","message":"app.BindAndValid errs: State为必填字段","time":1731822960596663700}
2024/11/17 13:56:35 {"callers":["E:/GOGO/Learn/Hertz/hertz_demo/blog_service/main.go: 27 main.init.0"],"level":"error","message":"app.BindAndValid errs: State为必填字段","time":1731822995424916700}
2024/11/17 13:56:52 {"callers":["E:/GOGO/Learn/Hertz/hertz_demo/blog_service/main.go: 27 main.init.0"],"level":"error","message":"app.BindAndValid errs: State为必填字段","time":1731823012568454100}
2024/11/17 14:00:00 {"callers":["E:/GOGO/Learn/Hertz/hertz_demo/blog_service/main.go: 27 main.init.0"],"level":"error","message":"app.BindAndValid errs: State为必填字段","time":1731823200665871800}
2024/11/17 14:00:10 {"callers":["E:/GOGO/Learn/Hertz/hertz_demo/blog_service/main.go: 27 main.init.0"],"level":"error","message":"app.BindAndValid errs: ModifiedBy为必填字段,Name长度必须至少为3个字符,State为必填字段","time":1731823210019753900}
2024/11/17 14:00:29 {"callers":["E:/GOGO/Learn/Hertz/hertz_demo/blog_service/main.go: 27 main.init.0"],"level":"error","message":"app.BindAndValid errs: State为必填字段","time":1731823229906640100}
2024/11/17 14:00:42 {"callers":["E:/GOGO/Learn/Hertz/hertz_demo/blog_service/main.go: 27 main.init.0"],"level":"error","message":"app.BindAndValid errs: Name长度必须至少为3个字符,State为必填字段,ModifiedBy为必填字段","time":1731823242955849200}
2024/11/17 14:00:53 {"callers":["E:/GOGO/Learn/Hertz/hertz_demo/blog_service/main.go: 27 main.init.0"],"level":"error","message":"app.BindAndValid errs: Name长度必须至少为3个字符,State为必填字段,ModifiedBy为必填字段","time":1731823253794651300}
2024/11/17 14:01:08 {"callers":["E:/GOGO/Learn/Hertz/hertz_demo/blog_service/main.go: 27 main.init.0"],"level":"error","message":"app.BindAndValid errs: Name长度必须至少为3个字符,State为必填字段","time":1731823268587339800}
2024/11/17 14:01:26 {"callers":["E:/GOGO/Learn/Hertz/hertz_demo/blog_service/main.go: 27 main.init.0"],"level":"error","message":"app.BindAndValid errs: State为必填字段","time":1731823286138933600}
2024/11/17 14:01:31 {"callers":["E:/GOGO/Learn/Hertz/hertz_demo/blog_service/main.go: 27 main.init.0"],"level":"error","message":"app.BindAndValid errs: State为必填字段","time":1731823291148606400}
2024/11/17 14:01:34 {"callers":["E:/GOGO/Learn/Hertz/hertz_demo/blog_service/main.go: 27 main.init.0"],"level":"error","message":"app.BindAndValid errs: State为必填字段","time":1731823294286576100}
2024/11/17 14:11:35 {"callers":["E:/GOGO/Learn/Hertz/hertz_demo/blog_service/main.go: 27 main.init.0"],"level":"error","message":"app.BindAndValid errs: State为必填字段","time":1731823895489510400}
2024/11/17 14:11:44 {"callers":["E:/GOGO/Learn/Hertz/hertz_demo/blog_service/main.go: 27 main.init.0"],"level":"error","message":"app.BindAndValid errs: State必须是[0 1]中的一个","time":1731823904347251400}
2024/11/17 14:11:52 {"callers":["E:/GOGO/Learn/Hertz/hertz_demo/blog_service/main.go: 27 main.init.0"],"level":"error","message":"app.BindAndValid errs: State为必填字段","time":1731823912590771700}
2024/11/17 14:14:47 {"callers":["E:/GOGO/Learn/Hertz/hertz_demo/blog_service/main.go: 27 main.init.0"],"level":"info","message":"eddycjy: go-programming-tour-book/blog-service","time":1731824087058473900}
2024/11/17 14:16:36 {"callers":["E:/GOGO/Learn/Hertz/hertz_demo/blog_service/main.go: 27 main.init.0"],"level":"error","message":"app.BindAndValid errs: State为必填字段","time":1731824196153844000}
2024/11/17 14:17:17 {"callers":["E:/GOGO/Learn/Hertz/hertz_demo/blog_service/main.go: 27 main.init.0"],"level":"error","message":"app.BindAndValid errs: State为必填字段","time":1731824237246599800}
2024/11/17 14:18:05 {"callers":["E:/GOGO/Learn/Hertz/hertz_demo/blog_service/main.go: 27 main.init.0"],"level":"error","message":"app.BindAndValid errs: ","time":1731824285925377900}
2024/11/17 14:18:14 {"callers":["E:/GOGO/Learn/Hertz/hertz_demo/blog_service/main.go: 27 main.init.0"],"level":"error","message":"app.BindAndValid errs: State为必填字段","time":1731824294066087100}
2024/11/17 14:19:41 {"callers":["E:/GOGO/Learn/Hertz/hertz_demo/blog_service/main.go: 27 main.init.0"],"level":"info","message":"eddycjy: go-programming-tour-book/blog-service","time":1731824381485526800}
2024/11/17 14:19:47 {"callers":["E:/GOGO/Learn/Hertz/hertz_demo/blog_service/main.go: 27 main.init.0"],"level":"error","message":"app.BindAndValid errs: State为必填字段","time":1731824387585978700}
2024/11/17 14:20:18 {"callers":["E:/GOGO/Learn/Hertz/hertz_demo/blog_service/main.go: 27 main.init.0"],"level":"info","message":"eddycjy: go-programming-tour-book/blog-service","time":1731824418689768600}
2024/11/17 14:20:23 {"callers":["E:/GOGO/Learn/Hertz/hertz_demo/blog_service/main.go: 27 main.init.0"],"level":"error","message":"app.BindAndValid errs: State为必填字段","time":1731824423270497500}
2024/11/17 14:22:58 {"callers":["E:/GOGO/Learn/Hertz/hertz_demo/blog_service/main.go: 27 main.init.0"],"level":"error","message":"app.BindAndValid errs: State为必填字段","time":1731824578473826000}
2024/11/17 14:24:56 {"callers":["E:/GOGO/Learn/Hertz/hertz_demo/blog_service/main.go: 27 main.init.0"],"level":"info","message":"eddycjy: go-programming-tour-book/blog-service","time":1731824696370416100}
2024/11/17 14:27:13 {"callers":["E:/GOGO/Learn/Hertz/hertz_demo/blog_service/main.go: 27 main.init.0"],"level":"error","message":"app.BindAndValid errs: State为必填字段","time":1731824833369162600}
2024/11/17 14:27:16 {"callers":["E:/GOGO/Learn/Hertz/hertz_demo/blog_service/main.go: 27 main.init.0"],"level":"error","message":"app.BindAndValid errs: State为必填字段","time":1731824836639432700}
2024/11/17 14:27:33 {"callers":["E:/GOGO/Learn/Hertz/hertz_demo/blog_service/main.go: 27 main.init.0"],"level":"info","message":"eddycjy: go-programming-tour-book/blog-service","time":1731824853333538800}
2024/11/17 14:27:35 {"callers":["E:/GOGO/Learn/Hertz/hertz_demo/blog_service/main.go: 27 main.init.0"],"level":"error","message":"app.BindAndValid errs: State为必填字段","time":1731824855617372700}
2024/11/17 14:28:41 {"callers":["E:/GOGO/Learn/Hertz/hertz_demo/blog_service/main.go: 27 main.init.0"],"level":"info","message":"eddycjy: go-programming-tour-book/blog-service","time":1731824921744963700}
2024/11/17 14:30:34 {"callers":["E:/GOGO/Learn/Hertz/hertz_demo/blog_service/main.go: 27 main.init.0"],"level":"error","message":"app.BindAndValid errs: State为必填字段","time":1731825034434692900}
2024/11/17 14:32:28 {"callers":["E:/GOGO/Learn/Hertz/hertz_demo/blog_service/main.go: 27 main.init.0"],"level":"info","message":"eddycjy: go-programming-tour-book/blog-service","time":1731825148723084900}
2024/11/17 14:32:31 {"callers":["E:/GOGO/Learn/Hertz/hertz_demo/blog_service/main.go: 27 main.init.0"],"level":"error","message":"app.BindAndValid errs: Name长度必须至少为3个字符","time":1731825151448999100}
2024/11/17 14:37:04 {"callers":["E:/GOGO/Learn/Hertz/hertz_demo/blog_service/main.go: 27 main.init.0"],"level":"info","message":"eddycjy: go-programming-tour-book/blog-service","time":1731825424956411700}
2024/11/17 14:37:09 {"callers":["E:/GOGO/Learn/Hertz/hertz_demo/blog_service/main.go: 27 main.init.0"],"level":"error","message":"app.BindAndValid errs: State为必填字段","time":1731825429279905400}
2024/11/17 14:37:19 {"callers":["E:/GOGO/Learn/Hertz/hertz_demo/blog_service/main.go: 27 main.init.0"],"level":"error","message":"app.BindAndValid errs: State为必填字段","time":1731825439725486500}
2024/11/17 14:37:54 {"callers":["E:/GOGO/Learn/Hertz/hertz_demo/blog_service/main.go: 27 main.init.0"],"level":"info","message":"eddycjy: go-programming-tour-book/blog-service","time":1731825474083760800}
2024/11/17 14:38:34 {"callers":["E:/GOGO/Learn/Hertz/hertz_demo/blog_service/main.go: 27 main.init.0"],"level":"error","message":"app.BindAndValid errs: State为必填字段","time":1731825514343999900}
2024/11/17 14:39:12 {"callers":["E:/GOGO/Learn/Hertz/hertz_demo/blog_service/main.go: 27 main.init.0"],"level":"info","message":"eddycjy: go-programming-tour-book/blog-service","time":1731825552160727900}
2024/11/17 14:39:15 {"callers":["E:/GOGO/Learn/Hertz/hertz_demo/blog_service/main.go: 27 main.init.0"],"level":"error","message":"app.BindAndValid errs: State为必填字段","time":1731825555485712100}
2024/11/17 14:42:10 {"callers":["E:/GOGO/Learn/Hertz/hertz_demo/blog_service/main.go: 27 main.init.0"],"level":"error","message":"app.BindAndValid errs: Name长度必须至少为3个字符,State为必填字段,ModifiedBy为必填字段","time":1731825730420735100}
2024/11/17 14:42:27 {"callers":["E:/GOGO/Learn/Hertz/hertz_demo/blog_service/main.go: 27 main.init.0"],"level":"error","message":"app.BindAndValid errs: Name长度必须至少为3个字符,ModifiedBy为必填字段","time":1731825747279016800}
2024/11/17 14:44:01 {"callers":["E:/GOGO/Learn/Hertz/hertz_demo/blog_service/main.go: 27 main.init.0"],"level":"error","message":"app.BindAndValid errs: State必须是[0 1]中的一个","time":1731825841531095800}
2024/11/17 14:45:21 {"callers":["E:/GOGO/Learn/Hertz/hertz_demo/blog_service/main.go: 27 main.init.0"],"level":"error","message":"app.BindAndValid errs: State必须是[0 1]中的一个","time":1731825921642646200}
2024/11/17 14:45:28 {"callers":["E:/GOGO/Learn/Hertz/hertz_demo/blog_service/main.go: 27 main.init.0"],"level":"error","message":"app.BindAndValid errs: State为必填字段","time":1731825928643098200}
2024/11/17 14:50:12 {"callers":["E:/GOGO/Learn/Hertz/hertz_demo/blog_service/main.go: 27 main.init.0"],"level":"info","message":"eddycjy: go-programming-tour-book/blog-service","time":1731826212083259800}
2024/11/18 00:18:34 {"callers":["E:/GOGO/Learn/Hertz/hertz_demo/blog_service/main.go: 27 main.init.0"],"level":"info","message":"eddycjy: go-programming-tour-book/blog-service","time":1731860314429627500}
2024/11/18 00:40:35 {"callers":["E:/GOGO/Learn/Hertz/hertz_demo/blog_service/main.go: 27 main.init.0"],"level":"info","message":"eddycjy: go-programming-tour-book/blog-service","time":1731861635262465000}
2024/11/18 00:41:27 {"callers":["E:/GOGO/Learn/Hertz/hertz_demo/blog_service/main.go: 27 main.init.0"],"level":"info","message":"eddycjy: go-programming-tour-book/blog-service","time":1731861687604749800}
2024/11/18 00:44:18 {"callers":["E:/GOGO/Learn/Hertz/hertz_demo/blog_service/main.go: 27 main.init.0"],"level":"info","message":"eddycjy: go-programming-tour-book/blog-service","time":1731861858317359900}
2024/11/18 00:46:29 {"callers":["E:/GOGO/Learn/Hertz/hertz_demo/blog_service/main.go: 27 main.init.0"],"level":"info","message":"eddycjy: go-programming-tour-book/blog-service","time":1731861989710049800}
2024/11/18 00:48:29 {"callers":["E:/GOGO/Learn/Hertz/hertz_demo/blog_service/main.go: 27 main.init.0"],"level":"error","message":"svc.UploadFile err: file suffix is not supported.","time":1731862109133650700}
2024/11/18 00:52:03 {"callers":["E:/GOGO/Learn/Hertz/hertz_demo/blog_service/main.go: 27 main.init.0"],"level":"info","message":"eddycjy: go-programming-tour-book/blog-service","time":1731862323665338200}
2024/11/18 00:52:06 {"callers":["E:/GOGO/Learn/Hertz/hertz_demo/blog_service/main.go: 27 main.init.0"],"level":"error","message":"svc.UploadFile err: file suffix is not supported.","time":1731862326105287500}
2024/11/18 00:54:02 {"callers":["E:/GOGO/Learn/Hertz/hertz_demo/blog_service/main.go: 27 main.init.0"],"level":"info","message":"eddycjy: go-programming-tour-book/blog-service","time":1731862442537998500}
2024/11/18 00:54:07 {"callers":["E:/GOGO/Learn/Hertz/hertz_demo/blog_service/main.go: 27 main.init.0"],"level":"error","message":"svc.UploadFile err: file suffix is not supported.","time":1731862447549805600}
2024/11/18 00:55:33 {"callers":["E:/GOGO/Learn/Hertz/hertz_demo/blog_service/main.go: 27 main.init.0"],"level":"info","message":"eddycjy: go-programming-tour-book/blog-service","time":1731862533764954200}
2024/11/18 00:55:55 {"callers":["E:/GOGO/Learn/Hertz/hertz_demo/blog_service/main.go: 27 main.init.0"],"level":"error","message":"svc.UploadFile err: file suffix is not supported.","time":1731862555778177600}
2024/11/18 00:56:07 {"callers":["E:/GOGO/Learn/Hertz/hertz_demo/blog_service/main.go: 27 main.init.0"],"level":"error","message":"svc.UploadFile err: file suffix is not supported.","time":1731862567814663300}
2024/11/18 00:56:36 {"callers":["E:/GOGO/Learn/Hertz/hertz_demo/blog_service/main.go: 27 main.init.0"],"level":"info","message":"eddycjy: go-programming-tour-book/blog-service","time":1731862596361941300}
2024/11/18 00:56:38 {"callers":["E:/GOGO/Learn/Hertz/hertz_demo/blog_service/main.go: 27 main.init.0"],"level":"error","message":"svc.UploadFile err: file suffix is not supported.","time":1731862598251832000}
2024/11/18 00:57:50 {"callers":["E:/GOGO/Learn/Hertz/hertz_demo/blog_service/main.go: 27 main.init.0"],"level":"info","message":"eddycjy: go-programming-tour-book/blog-service","time":1731862670394159300}
2024/11/18 00:58:55 {"callers":["E:/GOGO/Learn/Hertz/hertz_demo/blog_service/main.go: 27 main.init.0"],"level":"error","message":"svc.UploadFile err: file suffix is not supported.","time":1731862735384376100}
2024/11/18 00:59:58 {"callers":["E:/GOGO/Learn/Hertz/hertz_demo/blog_service/main.go: 27 main.init.0"],"level":"error","message":"svc.UploadFile err: file suffix is not supported.","time":1731862798789176100}
2024/11/18 01:00:44 {"callers":["E:/GOGO/Learn/Hertz/hertz_demo/blog_service/main.go: 27 main.init.0"],"level":"info","message":"eddycjy: go-programming-tour-book/blog-service","time":1731862844174760400}
2024/11/18 01:00:47 {"callers":["E:/GOGO/Learn/Hertz/hertz_demo/blog_service/main.go: 27 main.init.0"],"level":"error","message":"svc.UploadFile err: file suffix is not supported.","time":1731862847530945100}
2024/11/18 12:49:56 {"callers":["E:/GOGO/Learn/Hertz/hertz_demo/blog_service/main.go: 27 main.init.0"],"level":"info","message":"eddycjy: go-programming-tour-book/blog-service","time":1731905396347822100}
2024/11/18 12:49:58 {"callers":["E:/GOGO/Learn/Hertz/hertz_demo/blog_service/main.go: 27 main.init.0"],"level":"error","message":"svc.UploadFile err: file suffix is not supported.","time":1731905398325340000}
2024/11/18 12:50:40 {"callers":["E:/GOGO/Learn/Hertz/hertz_demo/blog_service/main.go: 27 main.init.0"],"level":"info","message":"eddycjy: go-programming-tour-book/blog-service","time":1731905440575505200}
2024/11/18 12:50:43 {"callers":["E:/GOGO/Learn/Hertz/hertz_demo/blog_service/main.go: 27 main.init.0"],"level":"error","message":"svc.UploadFile err: file suffix is not supported.","time":1731905443878074000}
2024/11/18 13:01:27 {"callers":["E:/GOGO/Learn/Hertz/hertz_demo/blog_service/main.go: 27 main.init.0"],"level":"info","message":"eddycjy: go-programming-tour-book/blog-service","time":1731906087826912700}
2024/11/18 13:01:46 {"callers":["E:/GOGO/Learn/Hertz/hertz_demo/blog_service/main.go: 27 main.init.0"],"level":"error","message":"svc.UploadFile err: file suffix is not supported.","time":1731906106631413200}
2024/11/18 13:06:47 {"callers":["E:/GOGO/Learn/Hertz/hertz_demo/blog_service/main.go: 27 main.init.0"],"level":"info","message":"eddycjy: go-programming-tour-book/blog-service","time":1731906407107649000}
2024/11/18 21:39:44 {"callers":["E:/GOGO/Learn/Hertz/hertz_demo/blog_service/main.go: 27 main.init.0"],"level":"info","message":"eddycjy: go-programming-tour-book/blog-service","time":1731937184946717500}
2024/11/18 21:47:39 {"callers":["E:/GOGO/Learn/Hertz/hertz_demo/blog_service/main.go: 27 main.init.0"],"level":"info","message":"eddycjy: go-programming-tour-book/blog-service","time":1731937659617145600}
